GET /user 304 - - 10.930 ms
GET /user 304 - - 12.451 ms
GET /api-docs/ 304 - - 3.379 ms
GET /api-docs/swagger-ui.css 304 - - 1.368 ms
GET /api-docs/swagger-ui-bundle.js 304 - - 2.232 ms
GET /api-docs/swagger-ui-standalone-preset.js 304 - - 1.851 ms
GET /api-docs/swagger-ui-init.js 200 1751 - 0.571 ms
GET /api-docs/favicon-32x32.png 304 - - 0.684 ms
GET /api-docs/ 304 - - 0.840 ms
GET /api-docs/swagger-ui.css 304 - - 0.583 ms
GET /api-docs/swagger-ui-bundle.js 304 - - 0.868 ms
GET /api-docs/swagger-ui-init.js 304 - - 0.229 ms
GET /api-docs/swagger-ui-standalone-preset.js 304 - - 1.991 ms
GET /api-docs/favicon-32x32.png 304 - - 0.660 ms
GET /api-docs/ 304 - - 3.436 ms
GET /api-docs/swagger-ui.css 304 - - 1.208 ms
GET /api-docs/swagger-ui-bundle.js 304 - - 0.844 ms
GET /api-docs/swagger-ui-init.js 200 2348 - 0.498 ms
GET /api-docs/swagger-ui-standalone-preset.js 304 - - 2.582 ms
GET /api-docs/favicon-32x32.png 304 - - 0.587 ms
GET /api-docs/ 304 - - 4.183 ms
GET /api-docs/swagger-ui.css 304 - - 1.782 ms
GET /api-docs/swagger-ui-bundle.js 304 - - 0.766 ms
GET /api-docs/swagger-ui-standalone-preset.js 304 - - 0.613 ms
GET /api-docs/swagger-ui-init.js 200 2608 - 0.638 ms
GET /api-docs/favicon-32x32.png 304 - - 0.614 ms
GET /api-docs/ 304 - - 3.860 ms
GET /api-docs/swagger-ui.css 304 - - 1.324 ms
GET /api-docs/swagger-ui-bundle.js 304 - - 0.801 ms
GET /api-docs/swagger-ui-init.js 304 - - 0.260 ms
GET /api-docs/swagger-ui-standalone-preset.js 304 - - 2.011 ms
GET /api-docs/favicon-32x32.png 304 - - 0.979 ms
GET /api-docs/ 304 - - 0.993 ms
GET /api-docs/swagger-ui.css 304 - - 0.804 ms
GET /api-docs/swagger-ui-bundle.js 304 - - 0.645 ms
GET /api-docs/swagger-ui-init.js 304 - - 0.253 ms
GET /api-docs/swagger-ui-standalone-preset.js 304 - - 2.181 ms
GET /api-docs/favicon-32x32.png 304 - - 0.737 ms
GET /api-docs/ 304 - - 3.167 ms
GET /api-docs/swagger-ui.css 304 - - 1.641 ms
GET /api-docs/swagger-ui-bundle.js 304 - - 0.685 ms
GET /api-docs/swagger-ui-standalone-preset.js 304 - - 0.848 ms
GET /api-docs/swagger-ui-init.js 304 - - 0.341 ms
GET /api-docs/favicon-32x32.png 304 - - 0.720 ms
GET /api-docs/ 304 - - 4.307 ms
GET /api-docs/swagger-ui.css 304 - - 1.541 ms
GET /api-docs/swagger-ui-bundle.js 304 - - 0.631 ms
GET /api-docs/swagger-ui-standalone-preset.js 304 - - 0.541 ms
GET /api-docs/swagger-ui-init.js 304 - - 0.289 ms
GET /api-docs/favicon-32x32.png 304 - - 0.659 ms
GET /api-docs/ 304 - - 1.247 ms
GET /api-docs/swagger-ui.css 304 - - 0.928 ms
GET /api-docs/swagger-ui-bundle.js 304 - - 0.876 ms
GET /api-docs/swagger-ui-standalone-preset.js 304 - - 0.722 ms
GET /api-docs/swagger-ui-init.js 304 - - 0.213 ms
GET /api-docs/favicon-32x32.png 304 - - 2.013 ms
GET /api-docs/ 304 - - 3.658 ms
GET /api-docs/swagger-ui.css 304 - - 2.034 ms
GET /api-docs/swagger-ui-bundle.js 304 - - 0.648 ms
GET /api-docs/swagger-ui-init.js 200 2348 - 0.701 ms
GET /api-docs/swagger-ui-standalone-preset.js 304 - - 4.296 ms
GET /api-docs/favicon-32x32.png 304 - - 0.768 ms
GET /api-docs/ 304 - - 3.619 ms
GET /api-docs/swagger-ui.css 304 - - 1.587 ms
GET /api-docs/swagger-ui-bundle.js 304 - - 0.691 ms
GET /api-docs/swagger-ui-init.js 200 2608 - 0.580 ms
GET /api-docs/swagger-ui-standalone-preset.js 304 - - 3.381 ms
GET /api-docs/favicon-32x32.png 304 - - 0.869 ms
GET /api-docs/ 304 - - 3.914 ms
GET /api-docs/swagger-ui.css 304 - - 1.307 ms
GET /api-docs/swagger-ui-bundle.js 304 - - 0.634 ms
GET /api-docs/swagger-ui-init.js 200 2676 - 0.511 ms
GET /api-docs/swagger-ui-standalone-preset.js 304 - - 2.987 ms
GET /api-docs/favicon-32x32.png 304 - - 0.934 ms
GET /api-docs/ 304 - - 4.000 ms
GET /api-docs/swagger-ui.css 304 - - 1.575 ms
GET /api-docs/swagger-ui-bundle.js 304 - - 0.952 ms
GET /api-docs/swagger-ui-init.js 200 2770 - 0.692 ms
GET /api-docs/swagger-ui-standalone-preset.js 304 - - 4.279 ms
GET /api-docs/favicon-32x32.png 304 - - 0.774 ms
GET /api-docs/ 200 3106 - 4.908 ms
GET /api-docs/swagger-ui.css 304 - - 2.652 ms
GET /api-docs/swagger-ui-bundle.js 304 - - 0.765 ms
GET /api-docs/swagger-ui-init.js 304 - - 0.693 ms
GET /api-docs/swagger-ui-standalone-preset.js 304 - - 3.369 ms
GET /api-docs/favicon-32x32.png 304 - - 0.667 ms
GET /api-docs/ 304 - - 3.480 ms
GET /api-docs/swagger-ui.css 304 - - 1.627 ms
GET /api-docs/swagger-ui-bundle.js 304 - - 0.716 ms
GET /api-docs/swagger-ui-standalone-preset.js 304 - - 1.071 ms
GET /api-docs/swagger-ui-init.js 200 3215 - 0.487 ms
GET /api-docs/favicon-32x32.png 304 - - 1.010 ms
GET /api-docs/swagger-ui.css 304 - - 0.777 ms
GET /api-docs/swagger-ui-standalone-preset.js.map 200 330438 - 3.545 ms
GET /api-docs/swagger-ui.css.map 200 262589 - 2.928 ms
GET /api-docs/swagger-ui-bundle.js.map 200 1905485 - 3.978 ms
GET /api-docs/ 304 - - 4.460 ms
GET /api-docs/swagger-ui.css 304 - - 1.970 ms
GET /api-docs/swagger-ui-bundle.js 304 - - 0.711 ms
GET /api-docs/swagger-ui-init.js 200 3147 - 0.826 ms
GET /api-docs/swagger-ui-standalone-preset.js 304 - - 4.622 ms
GET /api-docs/swagger-ui.css.map 304 - - 0.709 ms
GET /api-docs/swagger-ui-bundle.js.map 304 - - 0.840 ms
GET /api-docs/swagger-ui-standalone-preset.js.map 304 - - 0.622 ms
GET /api-docs/favicon-32x32.png 304 - - 0.900 ms
GET /api-docs/ 304 - - 3.488 ms
GET /api-docs/swagger-ui.css 304 - - 1.892 ms
GET /api-docs/swagger-ui-bundle.js 304 - - 1.137 ms
GET /api-docs/swagger-ui-standalone-preset.js 304 - - 0.923 ms
GET /api-docs/swagger-ui-init.js 200 3302 - 0.649 ms
GET /api-docs/swagger-ui.css.map 304 - - 0.678 ms
GET /api-docs/swagger-ui-bundle.js.map 304 - - 0.637 ms
GET /api-docs/swagger-ui-standalone-preset.js.map 304 - - 0.707 ms
GET /api-docs/favicon-32x32.png 304 - - 0.788 ms
GET /api-docs/ 304 - - 3.181 ms
GET /api-docs/swagger-ui.css 304 - - 1.984 ms
GET /api-docs/swagger-ui-bundle.js 304 - - 0.870 ms
GET /api-docs/swagger-ui-standalone-preset.js 304 - - 0.824 ms
GET /api-docs/swagger-ui-init.js 200 3502 - 0.455 ms
GET /api-docs/swagger-ui.css.map 304 - - 1.341 ms
GET /api-docs/swagger-ui-bundle.js.map 304 - - 0.561 ms
GET /api-docs/swagger-ui-standalone-preset.js.map 304 - - 0.617 ms
GET /api-docs/favicon-32x32.png 304 - - 1.175 ms
GET /api-docs/ 304 - - 3.177 ms
GET /api-docs/swagger-ui.css 304 - - 1.580 ms
GET /api-docs/swagger-ui-bundle.js 304 - - 0.547 ms
GET /api-docs/swagger-ui-standalone-preset.js 304 - - 0.553 ms
GET /api-docs/swagger-ui-init.js 304 - - 0.280 ms
GET /api-docs/favicon-32x32.png 304 - - 0.772 ms
GET /api-docs/ 304 - - 8.129 ms
GET /api-docs/swagger-ui.css 304 - - 3.105 ms
GET /api-docs/swagger-ui-bundle.js 304 - - 4.122 ms
GET /api-docs/swagger-ui-standalone-preset.js 304 - - 1.925 ms
GET /api-docs/swagger-ui-init.js 304 - - 0.439 ms
GET /api-docs/favicon-32x32.png 304 - - 1.184 ms
GET /api-docs/ 304 - - 3.486 ms
GET /api-docs/swagger-ui.css 304 - - 1.172 ms
GET /api-docs/swagger-ui-bundle.js 304 - - 0.606 ms
GET /api-docs/swagger-ui-init.js 304 - - 0.327 ms
GET /api-docs/swagger-ui-standalone-preset.js 304 - - 1.808 ms
GET /api-docs/favicon-32x32.png 304 - - 0.463 ms
GET /user - - - - ms
GET /user/ - - - - ms
GET /user 200 297 - 21.163 ms
GET /api-docs/ 304 - - 6.713 ms
GET /api-docs/swagger-ui.css 304 - - 4.787 ms
GET /api-docs/swagger-ui-bundle.js 304 - - 5.231 ms
GET /api-docs/swagger-ui-init.js 304 - - 0.734 ms
GET /api-docs/swagger-ui-standalone-preset.js 304 - - 3.749 ms
GET /api-docs/favicon-32x32.png 304 - - 1.213 ms
GET /api-docs/ 304 - - 1.977 ms
GET /api-docs/swagger-ui.css 304 - - 1.392 ms
GET /api-docs/swagger-ui-init.js 304 - - 0.749 ms
GET /api-docs/swagger-ui-bundle.js 304 - - 7.891 ms
GET /api-docs/swagger-ui-standalone-preset.js 304 - - 7.502 ms
GET /api-docs/favicon-32x32.png 304 - - 1.157 ms
GET /api-docs/ 304 - - 6.611 ms
GET /api-docs/swagger-ui.css 304 - - 2.812 ms
GET /api-docs/swagger-ui-bundle.js 304 - - 1.283 ms
GET /api-docs/swagger-ui-init.js 200 1751 - 1.185 ms
GET /api-docs/swagger-ui-standalone-preset.js 304 - - 4.705 ms
GET /api-docs/favicon-32x32.png 304 - - 1.076 ms
GET /api-docs/ 304 - - 1.716 ms
GET /api-docs/swagger-ui.css 304 - - 3.277 ms
GET /api-docs/swagger-ui-bundle.js 304 - - 2.437 ms
GET /api-docs/swagger-ui-init.js 304 - - 0.753 ms
GET /api-docs/swagger-ui-standalone-preset.js 304 - - 4.925 ms
GET /api-docs/ 304 - - 1.475 ms
GET /api-docs/swagger-ui.css 304 - - 1.352 ms
GET /api-docs/swagger-ui-bundle.js 304 - - 1.135 ms
GET /api-docs/swagger-ui-init.js 304 - - 0.486 ms
GET /api-docs/swagger-ui-standalone-preset.js 304 - - 2.853 ms
GET /api-docs/ 304 - - 1.231 ms
GET /api-docs/swagger-ui.css 304 - - 0.856 ms
GET /api-docs/swagger-ui-bundle.js 304 - - 0.994 ms
GET /api-docs/swagger-ui-init.js 304 - - 0.442 ms
GET /api-docs/swagger-ui-standalone-preset.js 304 - - 2.888 ms
GET /api-docs/ 304 - - 1.510 ms
GET /api-docs/swagger-ui.css 304 - - 1.067 ms
GET /api-docs/swagger-ui-bundle.js 304 - - 1.060 ms
GET /api-docs/swagger-ui-init.js 304 - - 0.622 ms
GET /api-docs/swagger-ui-standalone-preset.js 304 - - 2.419 ms
GET /api-docs/ 304 - - 1.165 ms
GET /api-docs/swagger-ui.css 304 - - 0.808 ms
GET /api-docs/swagger-ui-bundle.js 304 - - 0.898 ms
GET /api-docs/swagger-ui-init.js 304 - - 0.483 ms
GET /api-docs/swagger-ui-standalone-preset.js 304 - - 1.983 ms
GET /api-docs/favicon-32x32.png 304 - - 0.935 ms
GET /api-docs/swagger-ui.css 304 - - 1.102 ms
GET /api-docs/swagger-ui-bundle.js.map 304 - - 1.966 ms
GET /api-docs/swagger-ui-standalone-preset.js.map 304 - - 1.807 ms
GET /api-docs/swagger-ui.css.map 304 - - 0.980 ms
GET /api-docs/ 200 3106 - 12.670 ms
GET /api-docs/swagger-ui.css 304 - - 3.325 ms
GET /api-docs/swagger-ui-bundle.js 304 - - 3.050 ms
GET /api-docs/swagger-ui-standalone-preset.js 304 - - 3.216 ms
GET /api-docs/swagger-ui-init.js 200 3502 - 0.651 ms
GET /api-docs/favicon-32x32.png 304 - - 0.808 ms
GET /user 200 297 - 18.846 ms
GET /api-docs/ 304 - - 1.643 ms
GET /api-docs/swagger-ui-init.js 304 - - 0.858 ms
GET /api-docs/swagger-ui.css 304 - - 9.639 ms
GET /api-docs/swagger-ui-bundle.js 304 - - 8.152 ms
GET /api-docs/swagger-ui-standalone-preset.js 304 - - 7.551 ms
GET /api-docs/ 304 - - 1.773 ms
GET /api-docs/swagger-ui.css 304 - - 0.933 ms
GET /api-docs/swagger-ui-bundle.js 304 - - 1.269 ms
GET /api-docs/swagger-ui-init.js 304 - - 0.403 ms
GET /api-docs/swagger-ui-standalone-preset.js 304 - - 2.263 ms
GET /api-docs/ 304 - - 2.262 ms
GET /api-docs/swagger-ui.css 304 - - 1.083 ms
GET /api-docs/swagger-ui-bundle.js 304 - - 1.077 ms
GET /api-docs/swagger-ui-init.js 304 - - 0.552 ms
GET /api-docs/swagger-ui-standalone-preset.js 304 - - 2.797 ms
GET /api-docs/favicon-32x32.png 304 - - 1.188 ms
GET /api-docs/ 304 - - 8.086 ms
GET /api-docs/swagger-ui.css 304 - - 3.055 ms
GET /api-docs/swagger-ui-bundle.js 304 - - 2.191 ms
GET /api-docs/swagger-ui-init.js 304 - - 0.723 ms
GET /api-docs/swagger-ui-standalone-preset.js 304 - - 3.966 ms
GET /api-docs/ 304 - - 1.122 ms
GET /api-docs/swagger-ui.css 304 - - 0.788 ms
GET /api-docs/swagger-ui-bundle.js 304 - - 0.774 ms
GET /api-docs/swagger-ui-init.js 304 - - 0.618 ms
GET /api-docs/swagger-ui-standalone-preset.js 304 - - 4.198 ms
GET /api-docs/ 304 - - 1.396 ms
GET /api-docs/swagger-ui.css 304 - - 1.139 ms
GET /api-docs/swagger-ui-bundle.js 304 - - 1.190 ms
GET /api-docs/swagger-ui-init.js 304 - - 0.574 ms
GET /api-docs/swagger-ui-standalone-preset.js 304 - - 2.855 ms
GET /api-docs/favicon-32x32.png 304 - - 1.145 ms
GET /api-docs/ 304 - - 9.178 ms
GET /api-docs/swagger-ui.css 304 - - 4.057 ms
GET /api-docs/swagger-ui-init.js 200 3497 - 1.108 ms
GET /api-docs/swagger-ui-bundle.js 304 - - 7.971 ms
GET /api-docs/swagger-ui-standalone-preset.js 304 - - 7.022 ms
GET /api-docs/favicon-32x32.png 304 - - 1.264 ms
GET /user 200 297 - 24.412 ms
GET /api-docs/ 304 - - 4.013 ms
GET /api-docs/swagger-ui.css 304 - - 2.023 ms
GET /api-docs/swagger-ui-bundle.js 304 - - 0.712 ms
GET /api-docs/swagger-ui-init.js 200 3502 - 0.779 ms
GET /api-docs/swagger-ui-standalone-preset.js 304 - - 3.230 ms
GET /api-docs/favicon-32x32.png 304 - - 0.815 ms
GET /api-docs/ 304 - - 6.772 ms
GET /api-docs/swagger-ui.css 304 - - 2.979 ms
GET /api-docs/swagger-ui-bundle.js 304 - - 1.325 ms
GET /api-docs/swagger-ui-init.js 200 1425 - 0.987 ms
GET /api-docs/swagger-ui-standalone-preset.js 304 - - 7.608 ms
GET / 404 139 - 3.664 ms
GET /api-docs/favicon-32x32.png 304 - - 0.806 ms
GET /api-docs/ 304 - - 8.554 ms
GET /api-docs/swagger-ui.css 304 - - 11.851 ms
GET /api-docs/swagger-ui-bundle.js 304 - - 1.322 ms
GET /api-docs/swagger-ui-init.js 200 3502 - 3.716 ms
GET /api-docs/swagger-ui-standalone-preset.js 304 - - 12.871 ms
GET /api-docs/favicon-32x32.png 304 - - 1.230 ms
GET /api-docs/ 304 - - 1.404 ms
GET /api-docs/swagger-ui.css 304 - - 2.382 ms
GET /api-docs/swagger-ui-init.js 304 - - 0.700 ms
GET /api-docs/swagger-ui-bundle.js 304 - - 6.958 ms
GET /api-docs/swagger-ui-standalone-preset.js 304 - - 5.146 ms
GET /api-docs/favicon-32x32.png 304 - - 1.412 ms
GET /api-docs/ 304 - - 7.059 ms
GET /api-docs/swagger-ui.css 304 - - 16.645 ms
GET /api-docs/swagger-ui-bundle.js 304 - - 6.536 ms
GET /api-docs/swagger-ui-init.js 200 1491 - 1.421 ms
GET /api-docs/swagger-ui-standalone-preset.js 304 - - 7.802 ms
GET / 404 139 - 4.273 ms
GET /api-docs/favicon-32x32.png 304 - - 1.347 ms
GET /api-docs/ 304 - - 1.474 ms
GET /api-docs/swagger-ui.css 304 - - 1.553 ms
GET /api-docs/swagger-ui-bundle.js 304 - - 1.291 ms
GET /api-docs/swagger-ui-init.js 304 - - 0.410 ms
GET /api-docs/swagger-ui-standalone-preset.js 304 - - 2.727 ms
GET /api-docs/ 304 - - 1.362 ms
GET / 404 139 - 1.196 ms
GET /api-docs/swagger-ui.css 304 - - 1.033 ms
GET /api-docs/swagger-ui-bundle.js 304 - - 1.111 ms
GET /api-docs/swagger-ui-init.js 304 - - 0.464 ms
GET /api-docs/swagger-ui-standalone-preset.js 304 - - 3.618 ms
GET /api-docs/favicon-16x16.png 200 665 - 6.908 ms
GET /api-docs/ 304 - - 1.507 ms
GET /api-docs/swagger-ui.css 304 - - 1.037 ms
GET /api-docs/swagger-ui-bundle.js 304 - - 1.278 ms
GET /api-docs/swagger-ui-init.js 304 - - 0.686 ms
GET /api-docs/swagger-ui-standalone-preset.js 304 - - 2.888 ms
GET / 404 139 - 0.770 ms
GET /api-docs/favicon-32x32.png 304 - - 0.931 ms
GET /api-docs/ 304 - - 10.210 ms
GET /api-docs/swagger-ui.css 304 - - 2.984 ms
GET /api-docs/swagger-ui-bundle.js 304 - - 1.927 ms
GET /api-docs/swagger-ui-init.js 200 3502 - 1.438 ms
GET /api-docs/swagger-ui-standalone-preset.js 304 - - 6.075 ms
GET /api-docs/favicon-32x32.png 304 - - 1.249 ms
GET /api-docs/ 304 - - 8.759 ms
GET /api-docs/swagger-ui.css 304 - - 6.525 ms
GET /api-docs/swagger-ui-bundle.js 304 - - 1.362 ms
GET /api-docs/swagger-ui-init.js 304 - - 0.927 ms
GET /api-docs/swagger-ui-standalone-preset.js 304 - - 4.730 ms
GET /api-docs/favicon-32x32.png 304 - - 0.974 ms
GET /api-docs/ 304 - - 1.977 ms
GET /api-docs/swagger-ui.css 304 - - 2.204 ms
GET /api-docs/swagger-ui-bundle.js 304 - - 1.222 ms
GET /api-docs/swagger-ui-init.js 304 - - 0.626 ms
GET /api-docs/swagger-ui-standalone-preset.js 304 - - 3.913 ms
GET /api-docs/ 304 - - 1.538 ms
GET /api-docs/swagger-ui.css 304 - - 1.055 ms
GET /api-docs/swagger-ui-bundle.js 304 - - 1.260 ms
GET /api-docs/swagger-ui-init.js 304 - - 0.622 ms
GET /api-docs/swagger-ui-standalone-preset.js 304 - - 3.487 ms
GET /api-docs/ 304 - - 1.702 ms
GET /api-docs/swagger-ui.css 304 - - 1.357 ms
GET /api-docs/swagger-ui-bundle.js 304 - - 1.089 ms
GET /api-docs/swagger-ui-init.js 304 - - 0.606 ms
GET /api-docs/swagger-ui-standalone-preset.js 304 - - 3.022 ms
GET /api-docs/ 304 - - 1.562 ms
GET /api-docs/swagger-ui.css 304 - - 1.117 ms
GET /api-docs/swagger-ui-bundle.js 304 - - 1.166 ms
GET /api-docs/swagger-ui-init.js 304 - - 0.919 ms
GET /api-docs/swagger-ui-standalone-preset.js 304 - - 3.190 ms
GET /api-docs/ 304 - - 1.611 ms
GET /api-docs/swagger-ui.css 304 - - 0.977 ms
GET /api-docs/swagger-ui-bundle.js 304 - - 1.107 ms
GET /api-docs/swagger-ui-init.js 304 - - 0.798 ms
GET /api-docs/swagger-ui-standalone-preset.js 304 - - 3.149 ms
GET /api-docs/favicon-32x32.png 304 - - 1.149 ms
GET /api-docs/ 304 - - 9.124 ms
GET /api-docs/swagger-ui.css 304 - - 3.566 ms
GET /api-docs/swagger-ui-bundle.js 304 - - 1.307 ms
GET /api-docs/swagger-ui-init.js 200 3497 - 1.388 ms
GET /api-docs/swagger-ui-standalone-preset.js 304 - - 6.983 ms
GET /api-docs/favicon-32x32.png 304 - - 1.169 ms
GET /api-docs/ 200 3106 - 9.634 ms
GET /api-docs/swagger-ui.css 304 - - 3.759 ms
GET /api-docs/swagger-ui-init.js 200 3502 - 0.604 ms
GET /api-docs/swagger-ui-bundle.js 304 - - 5.686 ms
GET /api-docs/swagger-ui-standalone-preset.js 304 - - 5.284 ms
GET /api-docs/favicon-32x32.png 304 - - 1.233 ms
GET /api-docs/ 304 - - 7.974 ms
GET /api-docs/swagger-ui.css 304 - - 3.085 ms
GET /api-docs/swagger-ui-bundle.js 304 - - 3.119 ms
GET /api-docs/swagger-ui-standalone-preset.js 304 - - 3.600 ms
GET /api-docs/swagger-ui-init.js 304 - - 0.787 ms
GET /api-docs/favicon-32x32.png 304 - - 1.405 ms
GET /api-docs/ 304 - - 7.657 ms
GET /api-docs/swagger-ui.css 304 - - 3.105 ms
GET /api-docs/swagger-ui-bundle.js 304 - - 1.212 ms
GET /api-docs/swagger-ui-init.js 200 3497 - 0.852 ms
GET /api-docs/swagger-ui-standalone-preset.js 304 - - 4.733 ms
GET /api-docs/favicon-32x32.png 304 - - 0.926 ms
GET /api-docs/ 304 - - 8.592 ms
GET /api-docs/swagger-ui.css 304 - - 4.507 ms
GET /api-docs/swagger-ui-bundle.js 304 - - 4.137 ms
GET /api-docs/swagger-ui-init.js 304 - - 0.871 ms
GET /api-docs/swagger-ui-standalone-preset.js 304 - - 5.314 ms
GET /api-docs/favicon-32x32.png 304 - - 1.121 ms
GET /user 304 - - 22.518 ms
GET /api-docs/ 304 - - 9.052 ms
GET /api-docs/swagger-ui.css 304 - - 3.429 ms
GET /api-docs/swagger-ui-bundle.js 304 - - 1.340 ms
GET /api-docs/swagger-ui-init.js 200 1746 - 1.388 ms
GET /api-docs/swagger-ui-standalone-preset.js 304 - - 5.581 ms
GET /api-docs/favicon-32x32.png 304 - - 3.713 ms
GET /api-docs/ 304 - - 9.823 ms
GET /api-docs/swagger-ui.css 304 - - 4.193 ms
GET /api-docs/swagger-ui-init.js 304 - - 0.954 ms
GET /api-docs/swagger-ui-bundle.js 304 - - 9.421 ms
GET /api-docs/swagger-ui-standalone-preset.js 304 - - 4.057 ms
GET /api-docs/favicon-32x32.png 304 - - 1.303 ms
GET /api-docs/ 304 - - 2.651 ms
GET /api-docs/swagger-ui-init.js 304 - - 1.122 ms
GET /api-docs/swagger-ui.css 304 - - 12.599 ms
GET /api-docs/swagger-ui-bundle.js 304 - - 12.872 ms
GET /api-docs/swagger-ui-standalone-preset.js 304 - - 11.483 ms
GET /api-docs/ 304 - - 1.895 ms
GET /api-docs/swagger-ui.css 304 - - 1.525 ms
GET /api-docs/swagger-ui-bundle.js 304 - - 1.514 ms
GET /api-docs/swagger-ui-init.js 304 - - 0.405 ms
GET /api-docs/swagger-ui-standalone-preset.js 304 - - 4.014 ms
GET /api-docs/ 304 - - 2.218 ms
GET /api-docs/swagger-ui.css 304 - - 1.639 ms
GET /api-docs/swagger-ui-bundle.js 304 - - 1.642 ms
GET /api-docs/swagger-ui-init.js 304 - - 0.365 ms
GET /api-docs/swagger-ui-standalone-preset.js 304 - - 3.567 ms
GET /api-docs/ 304 - - 1.622 ms
GET /api-docs/swagger-ui.css 304 - - 1.727 ms
GET /api-docs/swagger-ui-bundle.js 304 - - 1.791 ms
GET /api-docs/swagger-ui-init.js 304 - - 0.669 ms
GET /api-docs/swagger-ui-standalone-preset.js 304 - - 3.789 ms
GET /api-docs/ 304 - - 2.422 ms
GET /api-docs/swagger-ui.css 304 - - 2.029 ms
GET /api-docs/swagger-ui-bundle.js 304 - - 1.550 ms
GET /api-docs/swagger-ui-init.js 304 - - 0.827 ms
GET /api-docs/swagger-ui-standalone-preset.js 304 - - 4.622 ms
GET /api-docs/favicon-32x32.png 304 - - 1.393 ms
GET /api-docs/ 304 - - 8.671 ms
GET /api-docs/swagger-ui.css 304 - - 3.804 ms
GET /api-docs/swagger-ui-bundle.js 304 - - 2.619 ms
GET /api-docs/swagger-ui-init.js 304 - - 0.900 ms
GET /api-docs/swagger-ui-standalone-preset.js 304 - - 6.263 ms
GET /api-docs/favicon-32x32.png 304 - - 1.389 ms
GET /api-docs/ 304 - - 1.781 ms
GET /api-docs/swagger-ui.css 304 - - 3.045 ms
GET /api-docs/swagger-ui-bundle.js 304 - - 1.768 ms
GET /api-docs/swagger-ui-init.js 304 - - 0.719 ms
GET /api-docs/swagger-ui-standalone-preset.js 304 - - 5.514 ms
GET /api-docs/ 304 - - 1.625 ms
GET /api-docs/swagger-ui.css 304 - - 1.585 ms
GET /api-docs/swagger-ui-bundle.js 304 - - 2.139 ms
GET /api-docs/swagger-ui-init.js 304 - - 0.521 ms
GET /api-docs/swagger-ui-standalone-preset.js 304 - - 6.108 ms
GET /api-docs/ 304 - - 1.989 ms
GET /api-docs/swagger-ui.css 304 - - 1.729 ms
GET /api-docs/swagger-ui-bundle.js 304 - - 1.658 ms
GET /api-docs/swagger-ui-init.js 304 - - 0.741 ms
GET /api-docs/swagger-ui-standalone-preset.js 304 - - 4.872 ms
GET /api-docs/ 304 - - 1.647 ms
GET /api-docs/swagger-ui.css 304 - - 1.607 ms
GET /api-docs/swagger-ui-bundle.js 304 - - 1.360 ms
GET /api-docs/swagger-ui-init.js 304 - - 0.516 ms
GET /api-docs/swagger-ui-standalone-preset.js 304 - - 3.818 ms
GET /api-docs/favicon-16x16.png 304 - - 1.108 ms
GET /api-docs/favicon-32x32.png 304 - - 1.263 ms
GET /api-docs/ 304 - - 1.512 ms
GET /api-docs/swagger-ui.css 304 - - 1.065 ms
GET /api-docs/swagger-ui-bundle.js 304 - - 1.326 ms
GET /api-docs/swagger-ui-init.js 304 - - 0.357 ms
GET /api-docs/swagger-ui-standalone-preset.js 304 - - 3.295 ms
GET /api-docs/ 304 - - 1.398 ms
GET /api-docs/favicon-32x32.png 304 - - 1.576 ms
GET /api-docs/swagger-ui.css 304 - - 1.055 ms
GET /api-docs/swagger-ui-bundle.js 304 - - 1.058 ms
GET /api-docs/swagger-ui-init.js 304 - - 0.392 ms
GET /api-docs/swagger-ui-standalone-preset.js 304 - - 3.444 ms
GET /api-docs/favicon-16x16.png 304 - - 1.101 ms
GET /api-docs/ 304 - - 1.488 ms
GET /api-docs/swagger-ui.css 304 - - 1.230 ms
GET /api-docs/swagger-ui-bundle.js 304 - - 1.020 ms
GET /api-docs/swagger-ui-init.js 304 - - 0.359 ms
GET /api-docs/swagger-ui-standalone-preset.js 304 - - 2.830 ms
GET /api-docs/ 304 - - 1.711 ms
GET /api-docs/swagger-ui.css 304 - - 1.682 ms
GET /api-docs/swagger-ui-bundle.js 304 - - 1.341 ms
GET /api-docs/swagger-ui-init.js 304 - - 0.400 ms
GET /api-docs/swagger-ui-standalone-preset.js 304 - - 3.891 ms
GET /api-docs/ 304 - - 1.824 ms
GET /api-docs/favicon-32x32.png - - - - ms
GET /api-docs/swagger-ui.css 304 - - 1.197 ms
GET /api-docs/swagger-ui-bundle.js 304 - - 1.235 ms
GET /api-docs/swagger-ui-init.js 304 - - 0.510 ms
GET /api-docs/swagger-ui-standalone-preset.js 304 - - 4.903 ms
GET /api-docs/favicon-16x16.png 304 - - 1.240 ms
GET /api-docs/ 304 - - 1.426 ms
GET /api-docs/favicon-32x32.png - - - - ms
GET /api-docs/swagger-ui.css 304 - - 1.188 ms
GET /api-docs/swagger-ui-bundle.js 304 - - 1.421 ms
GET /api-docs/swagger-ui-init.js 304 - - 0.417 ms
GET /api-docs/swagger-ui-standalone-preset.js 304 - - 4.592 ms
GET /api-docs/favicon-16x16.png 304 - - 2.173 ms
GET /api-docs/ 304 - - 1.266 ms
GET /api-docs/swagger-ui.css 304 - - 1.530 ms
GET /api-docs/swagger-ui-bundle.js 304 - - 1.189 ms
GET /api-docs/swagger-ui-init.js 304 - - 0.340 ms
GET /api-docs/swagger-ui-standalone-preset.js 304 - - 2.875 ms
GET /api-docs/favicon-32x32.png 200 628 - 3.974 ms
GET /api-docs/ 304 - - 1.876 ms
GET /api-docs/swagger-ui.css 304 - - 1.244 ms
GET /api-docs/swagger-ui-bundle.js 304 - - 1.300 ms
GET /api-docs/swagger-ui-init.js 304 - - 0.484 ms
GET /api-docs/swagger-ui-standalone-preset.js 304 - - 4.383 ms
GET /api-docs/ 304 - - 9.555 ms
GET /api-docs/swagger-ui.css 304 - - 8.276 ms
GET /api-docs/swagger-ui-init.js 304 - - 0.697 ms
GET /api-docs/swagger-ui-bundle.js 304 - - 15.811 ms
GET /api-docs/swagger-ui-standalone-preset.js 304 - - 10.582 ms
GET /api-docs/ 304 - - 2.404 ms
GET /api-docs/swagger-ui.css 304 - - 1.538 ms
GET /api-docs/swagger-ui-bundle.js 304 - - 1.724 ms
GET /api-docs/swagger-ui-init.js 304 - - 0.754 ms
GET /api-docs/swagger-ui-standalone-preset.js 304 - - 6.925 ms
GET /api-docs/ 304 - - 2.387 ms
GET /api-docs/swagger-ui.css 304 - - 1.585 ms
GET /api-docs/swagger-ui-bundle.js 304 - - 2.418 ms
GET /api-docs/swagger-ui-init.js 304 - - 0.821 ms
GET /api-docs/swagger-ui-standalone-preset.js 304 - - 5.801 ms
GET /api-docs/ 304 - - 1.828 ms
GET /api-docs/ 304 - - 1.380 ms
GET /api-docs/swagger-ui.css 304 - - 1.238 ms
GET /api-docs/swagger-ui-bundle.js 304 - - 1.334 ms
GET /api-docs/swagger-ui-init.js 304 - - 0.481 ms
GET /api-docs/swagger-ui-standalone-preset.js 304 - - 6.113 ms
GET /api-docs/swagger-ui.css 304 - - 1.417 ms
GET /api-docs/swagger-ui-bundle.js 304 - - 1.574 ms
GET /api-docs/swagger-ui-init.js 200 1746 - 0.689 ms
GET /api-docs/swagger-ui-standalone-preset.js 200 230768 - 8.194 ms
GET /api-docs/ 304 - - 1.852 ms
GET /api-docs/swagger-ui.css 304 - - 1.177 ms
GET /api-docs/swagger-ui-bundle.js 304 - - 1.501 ms
GET /api-docs/swagger-ui-init.js 304 - - 0.417 ms
GET /api-docs/swagger-ui-standalone-preset.js 304 - - 4.565 ms
GET /api-docs/favicon-32x32.png 304 - - 1.242 ms
GET /api-docs/ 304 - - 8.210 ms
GET /api-docs/swagger-ui.css 304 - - 3.750 ms
GET /api-docs/swagger-ui-bundle.js 304 - - 5.162 ms
GET /api-docs/swagger-ui-standalone-preset.js 304 - - 9.862 ms
GET /api-docs/swagger-ui-init.js 200 3497 - 1.357 ms
GET /api-docs/favicon-32x32.png 304 - - 1.698 ms
GET /api-docs/ 304 - - 7.727 ms
GET /api-docs/swagger-ui.css 304 - - 6.634 ms
GET /api-docs/swagger-ui-bundle.js 304 - - 1.766 ms
GET /api-docs/swagger-ui-init.js 200 1746 - 1.462 ms
GET /api-docs/swagger-ui-standalone-preset.js 304 - - 7.916 ms
GET /api-docs/favicon-32x32.png 304 - - 12.839 ms
GET /api-docs/ 304 - - 10.006 ms
GET /api-docs/swagger-ui-init.js 200 2111 - 1.533 ms
GET /api-docs/swagger-ui.css 304 - - 12.813 ms
GET /api-docs/swagger-ui-bundle.js 304 - - 12.849 ms
GET /api-docs/swagger-ui-standalone-preset.js 304 - - 7.688 ms
GET /api-docs/ 304 - - 2.311 ms
GET /api-docs/favicon-32x32.png - - - - ms
GET /api-docs/swagger-ui.css 304 - - 1.436 ms
GET /api-docs/swagger-ui-bundle.js 304 - - 1.856 ms
GET /api-docs/swagger-ui-init.js 304 - - 0.622 ms
GET /api-docs/swagger-ui-standalone-preset.js 304 - - 5.217 ms
GET /api-docs/favicon-16x16.png 304 - - 1.485 ms
GET /api-docs/favicon-32x32.png 200 628 - 4.948 ms
GET /api-docs/ 304 - - 8.106 ms
GET /api-docs/swagger-ui.css 304 - - 3.302 ms
GET /api-docs/swagger-ui-bundle.js 304 - - 1.639 ms
GET /api-docs/swagger-ui-init.js 200 3497 - 1.067 ms
GET /api-docs/swagger-ui-standalone-preset.js 304 - - 6.235 ms
GET /api-docs/favicon-32x32.png 304 - - 1.383 ms
GET /user 304 - - 23.945 ms
GET /api-docs/ 304 - - 8.085 ms
GET /api-docs/swagger-ui.css 304 - - 4.239 ms
GET /api-docs/swagger-ui-bundle.js 304 - - 2.246 ms
GET /api-docs/swagger-ui-init.js 200 3738 - 1.634 ms
GET /api-docs/swagger-ui-standalone-preset.js 304 - - 7.395 ms
GET /api-docs/favicon-32x32.png 304 - - 1.143 ms
GET /user 304 - - 23.914 ms
GET /user/65a57a18097b6d66ce13a8b0 400 161 - 62.417 ms
GET /user 304 - - 69.415 ms
PATCH /user 400 89 - 100.587 ms
PATCH /user 400 54 - 42106.723 ms
PATCH /user 400 54 - 86656.175 ms
GET /api-docs/ 304 - - 3.714 ms
GET /api-docs/swagger-ui.css 304 - - 2.133 ms
GET /api-docs/swagger-ui-bundle.js 304 - - 0.738 ms
GET /api-docs/swagger-ui-init.js 200 3618 - 0.537 ms
GET /api-docs/swagger-ui-standalone-preset.js 304 - - 3.236 ms
GET /api-docs/ 304 - - 3.217 ms
GET /api-docs/swagger-ui.css 304 - - 1.295 ms
GET /api-docs/swagger-ui-bundle.js 304 - - 1.119 ms
GET /api-docs/swagger-ui-init.js 200 3738 - 0.592 ms
GET /api-docs/swagger-ui-standalone-preset.js 304 - - 3.430 ms
GET /api-docs/favicon-32x32.png 304 - - 0.755 ms
GET /user 200 30 - 8.849 ms
POST /user 400 153 - 56229.722 ms
GET /api-docs/ 304 - - 3.650 ms
GET /api-docs/swagger-ui.css 304 - - 1.776 ms
GET /api-docs/swagger-ui-bundle.js 304 - - 0.732 ms
GET /api-docs/swagger-ui-init.js 200 3726 - 0.476 ms
GET /api-docs/swagger-ui-standalone-preset.js 304 - - 3.672 ms
GET /api-docs/favicon-32x32.png 304 - - 0.784 ms
GET /api-docs/ 304 - - 0.903 ms
GET /api-docs/swagger-ui.css 304 - - 0.911 ms
GET /api-docs/swagger-ui-bundle.js 304 - - 0.885 ms
GET /api-docs/swagger-ui-init.js 304 - - 0.289 ms
GET /api-docs/swagger-ui-standalone-preset.js 304 - - 2.429 ms
GET /api-docs/favicon-32x32.png 304 - - 0.796 ms
GET /api-docs/ 304 - - 0.955 ms
GET /api-docs/swagger-ui.css 304 - - 1.104 ms
GET /api-docs/swagger-ui-bundle.js 304 - - 0.900 ms
GET /api-docs/swagger-ui-init.js 304 - - 0.246 ms
GET /api-docs/swagger-ui-standalone-preset.js 304 - - 1.983 ms
GET /api-docs/favicon-32x32.png 304 - - 1.077 ms
GET /api-docs/ 304 - - 0.923 ms
GET /api-docs/swagger-ui.css 304 - - 1.795 ms
GET /api-docs/swagger-ui-bundle.js 304 - - 0.769 ms
GET /api-docs/swagger-ui-init.js 304 - - 0.295 ms
GET /api-docs/swagger-ui-standalone-preset.js 304 - - 2.270 ms
GET /api-docs/favicon-32x32.png 304 - - 0.706 ms
GET /api-docs/ 304 - - 1.070 ms
GET /api-docs/swagger-ui.css 304 - - 0.709 ms
GET /api-docs/swagger-ui-bundle.js 304 - - 0.755 ms
GET /api-docs/swagger-ui-init.js 304 - - 0.433 ms
GET /api-docs/swagger-ui-standalone-preset.js 304 - - 2.624 ms
GET /api-docs/favicon-32x32.png 304 - - 0.727 ms
GET /api-docs/ 304 - - 0.987 ms
GET /api-docs/swagger-ui.css 304 - - 0.901 ms
GET /api-docs/swagger-ui-bundle.js 304 - - 0.792 ms
GET /api-docs/swagger-ui-init.js 304 - - 0.242 ms
GET /api-docs/swagger-ui-standalone-preset.js 304 - - 2.042 ms
GET /api-docs/favicon-32x32.png 304 - - 0.764 ms
GET /api-docs/ 304 - - 4.760 ms
GET /api-docs/swagger-ui.css 304 - - 1.882 ms
GET /api-docs/swagger-ui-bundle.js 304 - - 0.738 ms
GET /api-docs/swagger-ui-init.js 200 3651 - 0.451 ms
GET /api-docs/swagger-ui-standalone-preset.js 304 - - 3.102 ms
GET /api-docs/favicon-32x32.png 304 - - 1.149 ms
GET /api-docs/ 304 - - 3.143 ms
GET /api-docs/swagger-ui.css 304 - - 1.562 ms
GET /api-docs/swagger-ui-bundle.js 304 - - 0.660 ms
GET /api-docs/swagger-ui-standalone-preset.js 304 - - 0.547 ms
GET /api-docs/swagger-ui-init.js 304 - - 0.231 ms
GET /api-docs/favicon-32x32.png 304 - - 0.791 ms
POST /user 200 138 - 25637.196 ms
GET /user 200 140 - 5.008 ms
GET /user/65e707f8a1ab7c88a2d39a6b 400 138 - 4.435 ms
PATCH /user 400 56 - 20502.990 ms
